Determining if the pthread_create exist failed with the following output:
Change Dir: /home/mostafa/SFND_Lidar_Obstacle_Detection/src/quiz/ransac/build/CMakeFiles/CMakeTmp

Run Build Command:"/usr/bin/make" "cmTC_4d539/fast"
/usr/bin/make -f CMakeFiles/cmTC_4d539.dir/build.make CMakeFiles/cmTC_4d539.dir/build
make[1]: Entering directory '/home/mostafa/SFND_Lidar_Obstacle_Detection/src/quiz/ransac/build/CMakeFiles/CMakeTmp'
Building C object CMakeFiles/cmTC_4d539.dir/CheckSymbolExists.c.o
/usr/bin/cc    -o CMakeFiles/cmTC_4d539.dir/CheckSymbolExists.c.o   -c /home/mostafa/SFND_Lidar_Obstacle_Detection/src/quiz/ransac/build/CMakeFiles/CMakeTmp/CheckSymbolExists.c
Linking C executable cmTC_4d539
/usr/bin/cmake -E cmake_link_script CMakeFiles/cmTC_4d539.dir/link.txt --verbose=1
/usr/bin/cc      -rdynamic CMakeFiles/cmTC_4d539.dir/CheckSymbolExists.c.o  -o cmTC_4d539 
CMakeFiles/cmTC_4d539.dir/CheckSymbolExists.c.o: In function `main':
CheckSymbolExists.c:(.text+0x1b): undefined reference to `pthread_create'
collect2: error: ld returned 1 exit status
CMakeFiles/cmTC_4d539.dir/build.make:97: recipe for target 'cmTC_4d539' failed
make[1]: *** [cmTC_4d539] Error 1
make[1]: Leaving directory '/home/mostafa/SFND_Lidar_Obstacle_Detection/src/quiz/ransac/build/CMakeFiles/CMakeTmp'
Makefile:126: recipe for target 'cmTC_4d539/fast' failed
make: *** [cmTC_4d539/fast] Error 2

File /home/mostafa/SFND_Lidar_Obstacle_Detection/src/quiz/ransac/build/CMakeFiles/CMakeTmp/CheckSymbolExists.c:
/* */
#include <pthread.h>

int main(int argc, char** argv)
{
  (void)argv;
#ifndef pthread_create
  return ((int*)(&pthread_create))[argc];
#else
  (void)argc;
  return 0;
#endif
}

Determining if the function pthread_create exists in the pthreads failed with the following output:
Change Dir: /home/mostafa/SFND_Lidar_Obstacle_Detection/src/quiz/ransac/build/CMakeFiles/CMakeTmp

Run Build Command:"/usr/bin/make" "cmTC_52ec3/fast"
/usr/bin/make -f CMakeFiles/cmTC_52ec3.dir/build.make CMakeFiles/cmTC_52ec3.dir/build
make[1]: Entering directory '/home/mostafa/SFND_Lidar_Obstacle_Detection/src/quiz/ransac/build/CMakeFiles/CMakeTmp'
Building C object CMakeFiles/cmTC_52ec3.dir/CheckFunctionExists.c.o
/usr/bin/cc   -DCHECK_FUNCTION_EXISTS=pthread_create   -o CMakeFiles/cmTC_52ec3.dir/CheckFunctionExists.c.o   -c /usr/share/cmake-3.10/Modules/CheckFunctionExists.c
Linking C executable cmTC_52ec3
/usr/bin/cmake -E cmake_link_script CMakeFiles/cmTC_52ec3.dir/link.txt --verbose=1
/usr/bin/cc  -DCHECK_FUNCTION_EXISTS=pthread_create    -rdynamic CMakeFiles/cmTC_52ec3.dir/CheckFunctionExists.c.o  -o cmTC_52ec3 -lpthreads 
/usr/bin/ld: cannot find -lpthreads
collect2: error: ld returned 1 exit status
CMakeFiles/cmTC_52ec3.dir/build.make:97: recipe for target 'cmTC_52ec3' failed
make[1]: *** [cmTC_52ec3] Error 1
make[1]: Leaving directory '/home/mostafa/SFND_Lidar_Obstacle_Detection/src/quiz/ransac/build/CMakeFiles/CMakeTmp'
Makefile:126: recipe for target 'cmTC_52ec3/fast' failed
make: *** [cmTC_52ec3/fast] Error 2


